[+] Containers:
 |- [+] Container: /Game/ThirdPerson/Maps/ThirdPersonMap
 |   |- [+] ActorDescs:
 |   |   |- Guid:0B46B9E24E91592D26F2088986E534BE BaseClass:/Game/ThirdPerson/Blueprints/Door.Door_C NativeClass:/Script/Engine.Actor Name:Door_C_UAID_C42360EC420243AC01_1760116584 Label:Door SpatiallyLoaded:1 Bounds:IsValid=true, Min=(X=3755.000 Y=3176.000 Z=-385.000), Max=(X=4502.000 Y=3264.000 Z=605.000) RuntimeGrid:None EditorOnly:0 RuntimeOnly:0 HLODRelevant:0
 |   |   |- Guid:2D91FC1C47BBE6D0F809BEB4CA36F006 BaseClass: NativeClass:/Script/Engine.StaticMeshActor Name:StaticMeshActor_UAID_C42360EC42023FAC01_2109553879 Label:SM_Cube10 SpatiallyLoaded:1 Bounds:IsValid=true, Min=(X=30.000 Y=3130.000 Z=0.000), Max=(X=3755.000 Y=3230.000 Z=400.000) RuntimeGrid:None EditorOnly:0 RuntimeOnly:0 HLODRelevant:1 FolderPath:Playground FolderGuid:C73F09FC4215536B1DCE2A9E0A830C70
 |   |   |- Guid:2FB58999456391D349DC0F86DAC136ED BaseClass: NativeClass:/Script/Engine.SkyLight Name:SkyLight_1 Label:SkyLight SpatiallyLoaded:0 Bounds:IsValid=true, Min=(X=0.000 Y=0.000 Z=690.000), Max=(X=0.000 Y=0.000 Z=690.000) RuntimeGrid:None EditorOnly:0 RuntimeOnly:0 HLODRelevant:0 FolderPath:Lighting FolderGuid:963EC3EB4002CCE9759E2EBA541A873A
 |   |   |- Guid:316CF2A6494ACA4C0E4180A87D36AB8F BaseClass: NativeClass:/Script/Engine.ExponentialHeightFog Name:ExponentialHeightFog_0 Label:ExponentialHeightFog SpatiallyLoaded:0 Bounds:IsValid=true, Min=(X=-5600.000 Y=-50.000 Z=-6850.000), Max=(X=-5600.000 Y=-50.000 Z=-6850.000) RuntimeGrid:None EditorOnly:0 RuntimeOnly:0 HLODRelevant:0 FolderPath:Lighting FolderGuid:963EC3EB4002CCE9759E2EBA541A873A
 |   |   |- Guid:39F9F9F54D7B486B810241B149FD87B2 BaseClass: NativeClass:/Script/Engine.StaticMeshActor Name:StaticMeshActor_UAID_C42360EC420236A901_1260940131 Label:SM_Cube9 SpatiallyLoaded:1 Bounds:IsValid=true, Min=(X=720.000 Y=1920.000 Z=0.000), Max=(X=4445.000 Y=2020.000 Z=400.000) RuntimeGrid:None EditorOnly:0 RuntimeOnly:0 HLODRelevant:1 FolderPath:Playground FolderGuid:C73F09FC4215536B1DCE2A9E0A830C70
 |   |   |- Guid:3A00AA1C422CE54C0BDB60BAF471BFBB BaseClass: NativeClass:/Script/Engine.PlayerStart Name:PlayerStart_0 Label:PlayerStart SpatiallyLoaded:0 Bounds:IsValid=true, Min=(X=180.000 Y=3640.000 Z=0.013), Max=(X=260.000 Y=3720.000 Z=184.013) RuntimeGrid:None EditorOnly:0 RuntimeOnly:0 HLODRelevant:0
 |   |   |- Guid:3A7DE07B4B776F32835F7EBA222A2EB6 BaseClass: NativeClass:/Script/Engine.StaticMeshActor Name:StaticMeshActor_UAID_C42360EC420236A901_1247383130 Label:SM_Cube8 SpatiallyLoaded:1 Bounds:IsValid=true, Min=(X=10.000 Y=110.000 Z=-50.000), Max=(X=4460.000 Y=4564.000 Z=0.000) RuntimeGrid:None EditorOnly:0 RuntimeOnly:0 HLODRelevant:1 FolderPath:Playground FolderGuid:C73F09FC4215536B1DCE2A9E0A830C70
 |   |   |- Guid:43815E84492231AFC407F59E3C28176B BaseClass: NativeClass:/Script/Engine.StaticMeshActor Name:StaticMeshActor_4 Label:SM_Cube6 SpatiallyLoaded:1 Bounds:IsValid=true, Min=(X=4380.000 Y=-10.000 Z=0.000), Max=(X=4480.000 Y=4365.000 Z=400.000) RuntimeGrid:None EditorOnly:0 RuntimeOnly:0 HLODRelevant:1 FolderPath:Playground FolderGuid:C73F09FC4215536B1DCE2A9E0A830C70
 |   |   |- Guid:46EE6A6448FB39B98F44C996D21C7BBC BaseClass:/Game/ThirdPerson/Blueprints/Cube.Cube_C NativeClass:/Script/Engine.Actor Name:Cube_C_UAID_C42360EC4202A5AC01_1978399835 Label:Cube8 SpatiallyLoaded:1 Bounds:IsValid=true, Min=(X=2860.000 Y=4240.000 Z=0.000), Max=(X=2960.000 Y=4340.000 Z=100.000) RuntimeGrid:None EditorOnly:0 RuntimeOnly:0 HLODRelevant:0
 |   |   |- Guid:4B5420CD47F2E58FD5B49BB4547D6F6F BaseClass: NativeClass:/Script/Engine.StaticMeshActor Name:StaticMeshActor_UAID_C42360EC420236A901_1201893128 Label:SM_Cube4 SpatiallyLoaded:1 Bounds:IsValid=true, Min=(X=10.000 Y=4360.000 Z=0.000), Max=(X=4460.000 Y=4460.000 Z=400.000) RuntimeGrid:None EditorOnly:0 RuntimeOnly:0 HLODRelevant:1 FolderPath:Playground FolderGuid:C73F09FC4215536B1DCE2A9E0A830C70
 |   |   |- Guid:4D3BE93F4146AAAC8BBE79999D96D57F BaseClass: NativeClass:/Script/Engine.VolumetricCloud Name:VolumetricCloud_0 Label:VolumetricCloud SpatiallyLoaded:0 Bounds:IsValid=true, Min=(X=0.000 Y=0.000 Z=820.000), Max=(X=0.000 Y=0.000 Z=820.000) RuntimeGrid:None EditorOnly:0 RuntimeOnly:0 HLODRelevant:0 FolderPath:Lighting FolderGuid:963EC3EB4002CCE9759E2EBA541A873A
 |   |   |- Guid:5981A9C24AD6E197692A4195ED567851 BaseClass:/Game/ThirdPerson/Blueprints/BP_ThirdPersonCharacter.BP_ThirdPersonCharacter_C NativeClass:/Script/Engine.Character Name:BP_ThirdPersonCharacter_C_UAID_C42360EC420272A901_1168131687 Label:BP_ThirdPersonCharacter SpatiallyLoaded:1 Bounds:IsValid=true, Min=(X=275.000 Y=3375.000 Z=0.000), Max=(X=347.576 Y=3445.000 Z=181.332) RuntimeGrid:None EditorOnly:0 RuntimeOnly:0 HLODRelevant:0
 |   |   |- Guid:5B97F4A64FB21F77EFC44386BF705B4C BaseClass: NativeClass:/Script/Engine.TextRenderActor Name:TextRenderActor_1 Label:TextRenderActor SpatiallyLoaded:1 Bounds:IsValid=true, Min=(X=-0.100 Y=1100.000 Z=65.013), Max=(X=-0.100 Y=3038.461 Z=215.013) RuntimeGrid:None EditorOnly:0 RuntimeOnly:0 HLODRelevant:0
 |   |   |- Guid:6BAF4DDD444C60371492D3919DB42C97 BaseClass: NativeClass:/Script/Engine.WorldDataLayers Name:WorldDataLayers Label:WorldDataLayers SpatiallyLoaded:0 Bounds:IsValid=true, Min=(X=0.000 Y=0.000 Z=0.000), Max=(X=0.000 Y=0.000 Z=0.000) RuntimeGrid:None EditorOnly:0 RuntimeOnly:0 HLODRelevant:0
 |   |   |- Guid:6D87898343E204446AF9468A7B54064C BaseClass:/Game/ThirdPerson/Blueprints/Cube2.Cube2_C NativeClass:/Script/Engine.Actor Name:Cube2_C_UAID_C42360EC42024CAC01_1407288167 Label:Cube5 SpatiallyLoaded:1 Bounds:IsValid=true, Min=(X=1697.500 Y=2017.500 Z=-7.500), Max=(X=1922.500 Y=2242.500 Z=67.500) RuntimeGrid:None EditorOnly:0 RuntimeOnly:0 HLODRelevant:0
 |   |   |- Guid:7584CBD84F029AF2AA2E0FAA24AD4941 BaseClass: NativeClass:/Script/Engine.StaticMeshActor Name:StaticMeshActor_UAID_C42360EC420236A901_1213419129 Label:SM_Cube7 SpatiallyLoaded:1 Bounds:IsValid=true, Min=(X=10.000 Y=4360.000 Z=0.000), Max=(X=4460.000 Y=4460.000 Z=400.000) RuntimeGrid:None EditorOnly:0 RuntimeOnly:0 HLODRelevant:1 FolderPath:Playground FolderGuid:C73F09FC4215536B1DCE2A9E0A830C70
 |   |   |- Guid:99764ACD4F6322F6595F16A70F240DAB BaseClass:/Game/ThirdPerson/Blueprints/Cube.Cube_C NativeClass:/Script/Engine.Actor Name:Cube_C_UAID_C42360EC4202A5AC01_1776438831 Label:Cube6 SpatiallyLoaded:1 Bounds:IsValid=true, Min=(X=2600.000 Y=3240.000 Z=0.000), Max=(X=2700.000 Y=3340.000 Z=100.000) RuntimeGrid:None EditorOnly:0 RuntimeOnly:0 HLODRelevant:0
 |   |   |- Guid:A56216954B2165CF0F35A886B537D536 BaseClass: NativeClass:/Script/Engine.StaticMeshActor Name:StaticMeshActor_0 Label:SM_Cube5 SpatiallyLoaded:1 Bounds:IsValid=true, Min=(X=-0.000 Y=100.000 Z=0.000), Max=(X=100.000 Y=4475.000 Z=400.000) RuntimeGrid:None EditorOnly:0 RuntimeOnly:0 HLODRelevant:1 FolderPath:Playground FolderGuid:C73F09FC4215536B1DCE2A9E0A830C70
 |   |   |- Guid:A5EF31A94D7A83A4069D70A54A5477B2 BaseClass:/Game/ThirdPerson/Blueprints/Cube.Cube_C NativeClass:/Script/Engine.Actor Name:Cube_C_UAID_C42360EC4202B9AB01_1448219298 Label:Cube4 SpatiallyLoaded:1 Bounds:IsValid=true, Min=(X=1710.000 Y=4220.000 Z=0.000), Max=(X=1810.000 Y=4320.000 Z=100.000) RuntimeGrid:None EditorOnly:0 RuntimeOnly:0 HLODRelevant:0
 |   |   |- Guid:B3861AEA404C3C9B95117884AB7CD50D BaseClass:/Game/ThirdPerson/Blueprints/Cube.Cube_C NativeClass:/Script/Engine.Actor Name:Cube_C_UAID_C42360EC4202B9AB01_1394076296 Label:Cube2 SpatiallyLoaded:1 Bounds:IsValid=true, Min=(X=1400.000 Y=3250.000 Z=0.000), Max=(X=1500.000 Y=3350.000 Z=100.000) RuntimeGrid:None EditorOnly:0 RuntimeOnly:0 HLODRelevant:0
 |   |   |- Guid:B785ED2844B84CFB91E7F39FE661CD99 BaseClass: NativeClass:/Script/Engine.DirectionalLight Name:DirectionalLight_0 Label:DirectionalLight SpatiallyLoaded:0 Bounds:IsValid=true, Min=(X=-1048576.000 Y=-1048576.000 Z=-1048576.000), Max=(X=1048576.000 Y=1048576.000 Z=1048576.000) RuntimeGrid:None EditorOnly:0 RuntimeOnly:0 HLODRelevant:0 FolderPath:Lighting FolderGuid:963EC3EB4002CCE9759E2EBA541A873A
 |   |   |- Guid:BB28565B44B8A759ED8A7AA3B577F479 BaseClass:/Game/ThirdPerson/Blueprints/Cube.Cube_C NativeClass:/Script/Engine.Actor Name:Cube_C_UAID_C42360EC4202B9AB01_1424795297 Label:Cube3 SpatiallyLoaded:1 Bounds:IsValid=true, Min=(X=2020.000 Y=3230.000 Z=0.000), Max=(X=2120.000 Y=3330.000 Z=100.000) RuntimeGrid:None EditorOnly:0 RuntimeOnly:0 HLODRelevant:0
 |   |   |- Guid:BC08B79C4EA3C961CFF75EBBE83B367D BaseClass: NativeClass:/Script/Engine.StaticMeshActor Name:StaticMeshActor_5 Label:SM_Cube2 SpatiallyLoaded:1 Bounds:IsValid=true, Min=(X=0.000 Y=0.000 Z=0.000), Max=(X=4425.000 Y=100.000 Z=400.000) RuntimeGrid:None EditorOnly:0 RuntimeOnly:0 HLODRelevant:1 FolderPath:Playground FolderGuid:C73F09FC4215536B1DCE2A9E0A830C70
 |   |   |- Guid:CCFF262C46EEFFDF319E7F9539CE697E BaseClass: NativeClass:/Script/Engine.SkyAtmosphere Name:SkyAtmosphere_0 Label:SkyAtmosphere SpatiallyLoaded:0 Bounds:IsValid=true, Min=(X=0.000 Y=0.000 Z=1020.000), Max=(X=0.000 Y=0.000 Z=1020.000) RuntimeGrid:None EditorOnly:0 RuntimeOnly:0 HLODRelevant:0 FolderPath:Lighting FolderGuid:963EC3EB4002CCE9759E2EBA541A873A
 |   |   |- Guid:CE9CF7294187615D39354496CA0331FD BaseClass:/Game/ThirdPerson/Blueprints/Cube.Cube_C NativeClass:/Script/Engine.Actor Name:Cube_C_UAID_C42360EC4202B9AB01_1095240295 Label:Cube SpatiallyLoaded:1 Bounds:IsValid=true, Min=(X=600.000 Y=3260.000 Z=0.000), Max=(X=700.000 Y=3360.000 Z=100.000) RuntimeGrid:None EditorOnly:0 RuntimeOnly:0 HLODRelevant:0
 |   |   |- Guid:E1F1DDE24E13B028B4EC4AAFE180DCB1 BaseClass:/Game/ThirdPerson/Blueprints/Cube.Cube_C NativeClass:/Script/Engine.Actor Name:Cube_C_UAID_C42360EC4202A5AC01_1922420834 Label:Cube7 SpatiallyLoaded:1 Bounds:IsValid=true, Min=(X=2570.000 Y=3240.000 Z=0.000), Max=(X=2670.000 Y=3340.000 Z=100.000) RuntimeGrid:None EditorOnly:0 RuntimeOnly:0 HLODRelevant:0
 |   |   |- Guid:EC4E0C944CE6AC6E784BC6BB2916EA13 BaseClass: NativeClass:/Script/Engine.StaticMeshActor Name:StaticMeshActor_UAID_A4AE111137DC5EFB00_1110535423 Label:SM_SkySphere SpatiallyLoaded:0 Bounds:IsValid=true, Min=(X=-1638400.000 Y=-1638400.000 Z=-1638400.000), Max=(X=1638400.000 Y=1638400.000 Z=1638400.000) RuntimeGrid:None EditorOnly:0 RuntimeOnly:0 HLODRelevant:1 FolderPath:Lighting FolderGuid:963EC3EB4002CCE9759E2EBA541A873A
 |   |   |- Guid:ED924FB8425E6280E9CE81B53350BD26 BaseClass:/Game/ThirdPerson/Blueprints/Cube.Cube_C NativeClass:/Script/Engine.Actor Name:Cube_C_UAID_C42360EC42024DAC01_2060252344 Label:Cube5 SpatiallyLoaded:1 Bounds:IsValid=true, Min=(X=990.000 Y=4230.000 Z=0.000), Max=(X=1090.000 Y=4330.000 Z=100.000) RuntimeGrid:None EditorOnly:0 RuntimeOnly:0 HLODRelevant:0
 |   |   |- Guid:F1924B8D48954B30891B2DB6A694F9CC BaseClass: NativeClass:/Script/Engine.StaticMeshActor Name:StaticMeshActor_1 Label:SM_Cube SpatiallyLoaded:1 Bounds:IsValid=true, Min=(X=0.000 Y=0.000 Z=-50.000), Max=(X=4450.000 Y=4475.000 Z=0.000) RuntimeGrid:None EditorOnly:0 RuntimeOnly:0 HLODRelevant:1 FolderPath:Playground FolderGuid:C73F09FC4215536B1DCE2A9E0A830C70
 |   |   |- Guid:F5E3FEB3450C49844FD93DA8E083C8AD BaseClass: NativeClass:/Script/Engine.PostProcessVolume Name:PostProcessVolume_0 Label:PostProcessVolume SpatiallyLoaded:0 Bounds:IsValid=true, Min=(X=0.000 Y=0.000 Z=400.000), Max=(X=200.000 Y=200.000 Z=600.000) RuntimeGrid:None EditorOnly:0 RuntimeOnly:0 HLODRelevant:0 FolderPath:Lighting FolderGuid:963EC3EB4002CCE9759E2EBA541A873A
 |   |   |- Guid:F93E8DE5497EDB70196A7F8B016E1613 BaseClass:/Game/ThirdPerson/Blueprints/Cube.Cube_C NativeClass:/Script/Engine.Actor Name:Cube_C_UAID_C42360EC4202A5AC01_1893223833 Label:Cube6 SpatiallyLoaded:1 Bounds:IsValid=true, Min=(X=2300.000 Y=4230.000 Z=0.000), Max=(X=2400.000 Y=4330.000 Z=100.000) RuntimeGrid:None EditorOnly:0 RuntimeOnly:0 HLODRelevant:0
 |   |   |- Guid:F99A93AB4D67148A04C523BAF4E22DAC BaseClass:/Game/ThirdPerson/Blueprints/Cube.Cube_C NativeClass:/Script/Engine.Actor Name:Cube_C_UAID_C42360EC4202A5AC01_1785253832 Label:Cube7 SpatiallyLoaded:1 Bounds:IsValid=true, Min=(X=2310.000 Y=4230.000 Z=0.000), Max=(X=2410.000 Y=4330.000 Z=100.000) RuntimeGrid:None EditorOnly:0 RuntimeOnly:0 HLODRelevant:0
 |   |   |- Guid:FF698C67459ADB4982D7759C0905EE9F BaseClass: NativeClass:/Script/Engine.StaticMeshActor Name:StaticMeshActor_6 Label:SM_Cube3 SpatiallyLoaded:1 Bounds:IsValid=true, Min=(X=0.000 Y=4350.000 Z=0.000), Max=(X=4450.000 Y=4450.000 Z=400.000) RuntimeGrid:None EditorOnly:0 RuntimeOnly:0 HLODRelevant:1 FolderPath:Playground FolderGuid:C73F09FC4215536B1DCE2A9E0A830C70
 |   |- [+] Clusters:
 |   |   |- [+] [  0]
 |   |   |   |- Guid:6BAF4DDD444C60371492D3919DB42C97 BaseClass: NativeClass:/Script/Engine.WorldDataLayers Name:WorldDataLayers Label:WorldDataLayers SpatiallyLoaded:0 Bounds:IsValid=true, Min=(X=0.000 Y=0.000 Z=0.000), Max=(X=0.000 Y=0.000 Z=0.000) RuntimeGrid:None EditorOnly:0 RuntimeOnly:0 HLODRelevant:0
 |   |   |- [+] [  1]
 |   |   |   |- Guid:5981A9C24AD6E197692A4195ED567851 BaseClass:/Game/ThirdPerson/Blueprints/BP_ThirdPersonCharacter.BP_ThirdPersonCharacter_C NativeClass:/Script/Engine.Character Name:BP_ThirdPersonCharacter_C_UAID_C42360EC420272A901_1168131687 Label:BP_ThirdPersonCharacter SpatiallyLoaded:1 Bounds:IsValid=true, Min=(X=275.000 Y=3375.000 Z=0.000), Max=(X=347.576 Y=3445.000 Z=181.332) RuntimeGrid:None EditorOnly:0 RuntimeOnly:0 HLODRelevant:0
 |   |   |- [+] [  2]
 |   |   |   |- Guid:F5E3FEB3450C49844FD93DA8E083C8AD BaseClass: NativeClass:/Script/Engine.PostProcessVolume Name:PostProcessVolume_0 Label:PostProcessVolume SpatiallyLoaded:0 Bounds:IsValid=true, Min=(X=0.000 Y=0.000 Z=400.000), Max=(X=200.000 Y=200.000 Z=600.000) RuntimeGrid:None EditorOnly:0 RuntimeOnly:0 HLODRelevant:0 FolderPath:Lighting FolderGuid:963EC3EB4002CCE9759E2EBA541A873A
 |   |   |- [+] [  3]
 |   |   |   |- Guid:5B97F4A64FB21F77EFC44386BF705B4C BaseClass: NativeClass:/Script/Engine.TextRenderActor Name:TextRenderActor_1 Label:TextRenderActor SpatiallyLoaded:1 Bounds:IsValid=true, Min=(X=-0.100 Y=1100.000 Z=65.013), Max=(X=-0.100 Y=3038.461 Z=215.013) RuntimeGrid:None EditorOnly:0 RuntimeOnly:0 HLODRelevant:0
 |   |   |- [+] [  4]
 |   |   |   |- Guid:4D3BE93F4146AAAC8BBE79999D96D57F BaseClass: NativeClass:/Script/Engine.VolumetricCloud Name:VolumetricCloud_0 Label:VolumetricCloud SpatiallyLoaded:0 Bounds:IsValid=true, Min=(X=0.000 Y=0.000 Z=820.000), Max=(X=0.000 Y=0.000 Z=820.000) RuntimeGrid:None EditorOnly:0 RuntimeOnly:0 HLODRelevant:0 FolderPath:Lighting FolderGuid:963EC3EB4002CCE9759E2EBA541A873A
 |   |   |- [+] [  5]
 |   |   |   |- Guid:39F9F9F54D7B486B810241B149FD87B2 BaseClass: NativeClass:/Script/Engine.StaticMeshActor Name:StaticMeshActor_UAID_C42360EC420236A901_1260940131 Label:SM_Cube9 SpatiallyLoaded:1 Bounds:IsValid=true, Min=(X=720.000 Y=1920.000 Z=0.000), Max=(X=4445.000 Y=2020.000 Z=400.000) RuntimeGrid:None EditorOnly:0 RuntimeOnly:0 HLODRelevant:1 FolderPath:Playground FolderGuid:C73F09FC4215536B1DCE2A9E0A830C70
 |   |   |- [+] [  6]
 |   |   |   |- Guid:7584CBD84F029AF2AA2E0FAA24AD4941 BaseClass: NativeClass:/Script/Engine.StaticMeshActor Name:StaticMeshActor_UAID_C42360EC420236A901_1213419129 Label:SM_Cube7 SpatiallyLoaded:1 Bounds:IsValid=true, Min=(X=10.000 Y=4360.000 Z=0.000), Max=(X=4460.000 Y=4460.000 Z=400.000) RuntimeGrid:None EditorOnly:0 RuntimeOnly:0 HLODRelevant:1 FolderPath:Playground FolderGuid:C73F09FC4215536B1DCE2A9E0A830C70
 |   |   |- [+] [  7]
 |   |   |   |- Guid:BB28565B44B8A759ED8A7AA3B577F479 BaseClass:/Game/ThirdPerson/Blueprints/Cube.Cube_C NativeClass:/Script/Engine.Actor Name:Cube_C_UAID_C42360EC4202B9AB01_1424795297 Label:Cube3 SpatiallyLoaded:1 Bounds:IsValid=true, Min=(X=2020.000 Y=3230.000 Z=0.000), Max=(X=2120.000 Y=3330.000 Z=100.000) RuntimeGrid:None EditorOnly:0 RuntimeOnly:0 HLODRelevant:0
 |   |   |- [+] [  8]
 |   |   |   |- Guid:CCFF262C46EEFFDF319E7F9539CE697E BaseClass: NativeClass:/Script/Engine.SkyAtmosphere Name:SkyAtmosphere_0 Label:SkyAtmosphere SpatiallyLoaded:0 Bounds:IsValid=true, Min=(X=0.000 Y=0.000 Z=1020.000), Max=(X=0.000 Y=0.000 Z=1020.000) RuntimeGrid:None EditorOnly:0 RuntimeOnly:0 HLODRelevant:0 FolderPath:Lighting FolderGuid:963EC3EB4002CCE9759E2EBA541A873A
 |   |   |- [+] [  9]
 |   |   |   |- Guid:EC4E0C944CE6AC6E784BC6BB2916EA13 BaseClass: NativeClass:/Script/Engine.StaticMeshActor Name:StaticMeshActor_UAID_A4AE111137DC5EFB00_1110535423 Label:SM_SkySphere SpatiallyLoaded:0 Bounds:IsValid=true, Min=(X=-1638400.000 Y=-1638400.000 Z=-1638400.000), Max=(X=1638400.000 Y=1638400.000 Z=1638400.000) RuntimeGrid:None EditorOnly:0 RuntimeOnly:0 HLODRelevant:1 FolderPath:Lighting FolderGuid:963EC3EB4002CCE9759E2EBA541A873A
 |   |   |- [+] [ 10]
 |   |   |   |- Guid:43815E84492231AFC407F59E3C28176B BaseClass: NativeClass:/Script/Engine.StaticMeshActor Name:StaticMeshActor_4 Label:SM_Cube6 SpatiallyLoaded:1 Bounds:IsValid=true, Min=(X=4380.000 Y=-10.000 Z=0.000), Max=(X=4480.000 Y=4365.000 Z=400.000) RuntimeGrid:None EditorOnly:0 RuntimeOnly:0 HLODRelevant:1 FolderPath:Playground FolderGuid:C73F09FC4215536B1DCE2A9E0A830C70
 |   |   |- [+] [ 11]
 |   |   |   |- Guid:B785ED2844B84CFB91E7F39FE661CD99 BaseClass: NativeClass:/Script/Engine.DirectionalLight Name:DirectionalLight_0 Label:DirectionalLight SpatiallyLoaded:0 Bounds:IsValid=true, Min=(X=-1048576.000 Y=-1048576.000 Z=-1048576.000), Max=(X=1048576.000 Y=1048576.000 Z=1048576.000) RuntimeGrid:None EditorOnly:0 RuntimeOnly:0 HLODRelevant:0 FolderPath:Lighting FolderGuid:963EC3EB4002CCE9759E2EBA541A873A
 |   |   |- [+] [ 12]
 |   |   |   |- Guid:2D91FC1C47BBE6D0F809BEB4CA36F006 BaseClass: NativeClass:/Script/Engine.StaticMeshActor Name:StaticMeshActor_UAID_C42360EC42023FAC01_2109553879 Label:SM_Cube10 SpatiallyLoaded:1 Bounds:IsValid=true, Min=(X=30.000 Y=3130.000 Z=0.000), Max=(X=3755.000 Y=3230.000 Z=400.000) RuntimeGrid:None EditorOnly:0 RuntimeOnly:0 HLODRelevant:1 FolderPath:Playground FolderGuid:C73F09FC4215536B1DCE2A9E0A830C70
 |   |   |- [+] [ 13]
 |   |   |   |- Guid:316CF2A6494ACA4C0E4180A87D36AB8F BaseClass: NativeClass:/Script/Engine.ExponentialHeightFog Name:ExponentialHeightFog_0 Label:ExponentialHeightFog SpatiallyLoaded:0 Bounds:IsValid=true, Min=(X=-5600.000 Y=-50.000 Z=-6850.000), Max=(X=-5600.000 Y=-50.000 Z=-6850.000) RuntimeGrid:None EditorOnly:0 RuntimeOnly:0 HLODRelevant:0 FolderPath:Lighting FolderGuid:963EC3EB4002CCE9759E2EBA541A873A
 |   |   |- [+] [ 14]
 |   |   |   |- Guid:F1924B8D48954B30891B2DB6A694F9CC BaseClass: NativeClass:/Script/Engine.StaticMeshActor Name:StaticMeshActor_1 Label:SM_Cube SpatiallyLoaded:1 Bounds:IsValid=true, Min=(X=0.000 Y=0.000 Z=-50.000), Max=(X=4450.000 Y=4475.000 Z=0.000) RuntimeGrid:None EditorOnly:0 RuntimeOnly:0 HLODRelevant:1 FolderPath:Playground FolderGuid:C73F09FC4215536B1DCE2A9E0A830C70
 |   |   |- [+] [ 15]
 |   |   |   |- Guid:ED924FB8425E6280E9CE81B53350BD26 BaseClass:/Game/ThirdPerson/Blueprints/Cube.Cube_C NativeClass:/Script/Engine.Actor Name:Cube_C_UAID_C42360EC42024DAC01_2060252344 Label:Cube5 SpatiallyLoaded:1 Bounds:IsValid=true, Min=(X=990.000 Y=4230.000 Z=0.000), Max=(X=1090.000 Y=4330.000 Z=100.000) RuntimeGrid:None EditorOnly:0 RuntimeOnly:0 HLODRelevant:0
 |   |   |- [+] [ 16]
 |   |   |   |- Guid:A5EF31A94D7A83A4069D70A54A5477B2 BaseClass:/Game/ThirdPerson/Blueprints/Cube.Cube_C NativeClass:/Script/Engine.Actor Name:Cube_C_UAID_C42360EC4202B9AB01_1448219298 Label:Cube4 SpatiallyLoaded:1 Bounds:IsValid=true, Min=(X=1710.000 Y=4220.000 Z=0.000), Max=(X=1810.000 Y=4320.000 Z=100.000) RuntimeGrid:None EditorOnly:0 RuntimeOnly:0 HLODRelevant:0
 |   |   |- [+] [ 17]
 |   |   |   |- Guid:B3861AEA404C3C9B95117884AB7CD50D BaseClass:/Game/ThirdPerson/Blueprints/Cube.Cube_C NativeClass:/Script/Engine.Actor Name:Cube_C_UAID_C42360EC4202B9AB01_1394076296 Label:Cube2 SpatiallyLoaded:1 Bounds:IsValid=true, Min=(X=1400.000 Y=3250.000 Z=0.000), Max=(X=1500.000 Y=3350.000 Z=100.000) RuntimeGrid:None EditorOnly:0 RuntimeOnly:0 HLODRelevant:0
 |   |   |- [+] [ 18]
 |   |   |   |- Guid:2FB58999456391D349DC0F86DAC136ED BaseClass: NativeClass:/Script/Engine.SkyLight Name:SkyLight_1 Label:SkyLight SpatiallyLoaded:0 Bounds:IsValid=true, Min=(X=0.000 Y=0.000 Z=690.000), Max=(X=0.000 Y=0.000 Z=690.000) RuntimeGrid:None EditorOnly:0 RuntimeOnly:0 HLODRelevant:0 FolderPath:Lighting FolderGuid:963EC3EB4002CCE9759E2EBA541A873A
 |   |   |- [+] [ 19]
 |   |   |   |- Guid:A56216954B2165CF0F35A886B537D536 BaseClass: NativeClass:/Script/Engine.StaticMeshActor Name:StaticMeshActor_0 Label:SM_Cube5 SpatiallyLoaded:1 Bounds:IsValid=true, Min=(X=-0.000 Y=100.000 Z=0.000), Max=(X=100.000 Y=4475.000 Z=400.000) RuntimeGrid:None EditorOnly:0 RuntimeOnly:0 HLODRelevant:1 FolderPath:Playground FolderGuid:C73F09FC4215536B1DCE2A9E0A830C70
 |   |   |- [+] [ 20]
 |   |   |   |- Guid:3A7DE07B4B776F32835F7EBA222A2EB6 BaseClass: NativeClass:/Script/Engine.StaticMeshActor Name:StaticMeshActor_UAID_C42360EC420236A901_1247383130 Label:SM_Cube8 SpatiallyLoaded:1 Bounds:IsValid=true, Min=(X=10.000 Y=110.000 Z=-50.000), Max=(X=4460.000 Y=4564.000 Z=0.000) RuntimeGrid:None EditorOnly:0 RuntimeOnly:0 HLODRelevant:1 FolderPath:Playground FolderGuid:C73F09FC4215536B1DCE2A9E0A830C70
 |   |   |- [+] [ 21]
 |   |   |   |- Guid:4B5420CD47F2E58FD5B49BB4547D6F6F BaseClass: NativeClass:/Script/Engine.StaticMeshActor Name:StaticMeshActor_UAID_C42360EC420236A901_1201893128 Label:SM_Cube4 SpatiallyLoaded:1 Bounds:IsValid=true, Min=(X=10.000 Y=4360.000 Z=0.000), Max=(X=4460.000 Y=4460.000 Z=400.000) RuntimeGrid:None EditorOnly:0 RuntimeOnly:0 HLODRelevant:1 FolderPath:Playground FolderGuid:C73F09FC4215536B1DCE2A9E0A830C70
 |   |   |- [+] [ 22]
 |   |   |   |- Guid:CE9CF7294187615D39354496CA0331FD BaseClass:/Game/ThirdPerson/Blueprints/Cube.Cube_C NativeClass:/Script/Engine.Actor Name:Cube_C_UAID_C42360EC4202B9AB01_1095240295 Label:Cube SpatiallyLoaded:1 Bounds:IsValid=true, Min=(X=600.000 Y=3260.000 Z=0.000), Max=(X=700.000 Y=3360.000 Z=100.000) RuntimeGrid:None EditorOnly:0 RuntimeOnly:0 HLODRelevant:0
 |   |   |- [+] [ 23]
 |   |   |   |- Guid:BC08B79C4EA3C961CFF75EBBE83B367D BaseClass: NativeClass:/Script/Engine.StaticMeshActor Name:StaticMeshActor_5 Label:SM_Cube2 SpatiallyLoaded:1 Bounds:IsValid=true, Min=(X=0.000 Y=0.000 Z=0.000), Max=(X=4425.000 Y=100.000 Z=400.000) RuntimeGrid:None EditorOnly:0 RuntimeOnly:0 HLODRelevant:1 FolderPath:Playground FolderGuid:C73F09FC4215536B1DCE2A9E0A830C70
 |   |   |- [+] [ 24]
 |   |   |   |- Guid:0B46B9E24E91592D26F2088986E534BE BaseClass:/Game/ThirdPerson/Blueprints/Door.Door_C NativeClass:/Script/Engine.Actor Name:Door_C_UAID_C42360EC420243AC01_1760116584 Label:Door SpatiallyLoaded:1 Bounds:IsValid=true, Min=(X=3755.000 Y=3176.000 Z=-385.000), Max=(X=4502.000 Y=3264.000 Z=605.000) RuntimeGrid:None EditorOnly:0 RuntimeOnly:0 HLODRelevant:0
 |   |   |- [+] [ 25]
 |   |   |   |- Guid:FF698C67459ADB4982D7759C0905EE9F BaseClass: NativeClass:/Script/Engine.StaticMeshActor Name:StaticMeshActor_6 Label:SM_Cube3 SpatiallyLoaded:1 Bounds:IsValid=true, Min=(X=0.000 Y=4350.000 Z=0.000), Max=(X=4450.000 Y=4450.000 Z=400.000) RuntimeGrid:None EditorOnly:0 RuntimeOnly:0 HLODRelevant:1 FolderPath:Playground FolderGuid:C73F09FC4215536B1DCE2A9E0A830C70
 |   |   |- [+] [ 26]
 |   |   |   |- Guid:6D87898343E204446AF9468A7B54064C BaseClass:/Game/ThirdPerson/Blueprints/Cube2.Cube2_C NativeClass:/Script/Engine.Actor Name:Cube2_C_UAID_C42360EC42024CAC01_1407288167 Label:Cube5 SpatiallyLoaded:1 Bounds:IsValid=true, Min=(X=1697.500 Y=2017.500 Z=-7.500), Max=(X=1922.500 Y=2242.500 Z=67.500) RuntimeGrid:None EditorOnly:0 RuntimeOnly:0 HLODRelevant:0
 |   |   |- [+] [ 27]
 |   |   |   |- Guid:3A00AA1C422CE54C0BDB60BAF471BFBB BaseClass: NativeClass:/Script/Engine.PlayerStart Name:PlayerStart_0 Label:PlayerStart SpatiallyLoaded:0 Bounds:IsValid=true, Min=(X=180.000 Y=3640.000 Z=0.013), Max=(X=260.000 Y=3720.000 Z=184.013) RuntimeGrid:None EditorOnly:0 RuntimeOnly:0 HLODRelevant:0
 |   |   |- [+] [ 28]
 |   |   |   |- Guid:99764ACD4F6322F6595F16A70F240DAB BaseClass:/Game/ThirdPerson/Blueprints/Cube.Cube_C NativeClass:/Script/Engine.Actor Name:Cube_C_UAID_C42360EC4202A5AC01_1776438831 Label:Cube6 SpatiallyLoaded:1 Bounds:IsValid=true, Min=(X=2600.000 Y=3240.000 Z=0.000), Max=(X=2700.000 Y=3340.000 Z=100.000) RuntimeGrid:None EditorOnly:0 RuntimeOnly:0 HLODRelevant:0
 |   |   |- [+] [ 29]
 |   |   |   |- Guid:F99A93AB4D67148A04C523BAF4E22DAC BaseClass:/Game/ThirdPerson/Blueprints/Cube.Cube_C NativeClass:/Script/Engine.Actor Name:Cube_C_UAID_C42360EC4202A5AC01_1785253832 Label:Cube7 SpatiallyLoaded:1 Bounds:IsValid=true, Min=(X=2310.000 Y=4230.000 Z=0.000), Max=(X=2410.000 Y=4330.000 Z=100.000) RuntimeGrid:None EditorOnly:0 RuntimeOnly:0 HLODRelevant:0
 |   |   |- [+] [ 30]
 |   |   |   |- Guid:F93E8DE5497EDB70196A7F8B016E1613 BaseClass:/Game/ThirdPerson/Blueprints/Cube.Cube_C NativeClass:/Script/Engine.Actor Name:Cube_C_UAID_C42360EC4202A5AC01_1893223833 Label:Cube6 SpatiallyLoaded:1 Bounds:IsValid=true, Min=(X=2300.000 Y=4230.000 Z=0.000), Max=(X=2400.000 Y=4330.000 Z=100.000) RuntimeGrid:None EditorOnly:0 RuntimeOnly:0 HLODRelevant:0
 |   |   |- [+] [ 31]
 |   |   |   |- Guid:E1F1DDE24E13B028B4EC4AAFE180DCB1 BaseClass:/Game/ThirdPerson/Blueprints/Cube.Cube_C NativeClass:/Script/Engine.Actor Name:Cube_C_UAID_C42360EC4202A5AC01_1922420834 Label:Cube7 SpatiallyLoaded:1 Bounds:IsValid=true, Min=(X=2570.000 Y=3240.000 Z=0.000), Max=(X=2670.000 Y=3340.000 Z=100.000) RuntimeGrid:None EditorOnly:0 RuntimeOnly:0 HLODRelevant:0
 |   |   |- [+] [ 32]
 |   |   |   |- Guid:46EE6A6448FB39B98F44C996D21C7BBC BaseClass:/Game/ThirdPerson/Blueprints/Cube.Cube_C NativeClass:/Script/Engine.Actor Name:Cube_C_UAID_C42360EC4202A5AC01_1978399835 Label:Cube8 SpatiallyLoaded:1 Bounds:IsValid=true, Min=(X=2860.000 Y=4240.000 Z=0.000), Max=(X=2960.000 Y=4340.000 Z=100.000) RuntimeGrid:None EditorOnly:0 RuntimeOnly:0 HLODRelevant:0
 |- ContainerInstances:
 |- [+] MainContainer:
 |   |-        ID: 0x0000000000000000
 |   |-    Bounds: IsValid=false, Min=(X=0.000 Y=0.000 Z=0.000), Max=(X=0.000 Y=0.000 Z=0.000)
 |   |- Transform: 0.000000,0.000000,0.000000|0.000000,0.000000,-0.000000|1.000000,1.000000,1.000000
 |   |- Container: /Game/ThirdPerson/Maps/ThirdPersonMap
----------------------------------------------------------------------------------------------------------------
ThirdPersonMap - Persistent Level
----------------------------------------------------------------------------------------------------------------
Always loaded Actor Count: 45 

----------------------------------------------------------------------------------------------------------------
ThirdPersonMap - Runtime Spatial Hash - Streaming Grid - MainGrid
----------------------------------------------------------------------------------------------------------------
            Origin: X=0.000 Y=0.000 Z=0.000
         Cell Size: 12800
      World Bounds: IsValid=false, Min=(X=0.000 Y=0.000 Z=0.000), Max=(X=0.000 Y=0.000 Z=0.000)
     Loading Range: 25600.00
Block Slow Loading: No
 ClientOnlyVisible: No

[+] Grid Levels: 1
 |- Level  0: Cell Count    0 | Cell Size   12800 | Actor Count    0 (0.0%)

[+] Content of Grid Level 0

