[+] Containers:
 |- [+] Container: /Game/ThirdPerson/Maps/ThirdPersonMap
 |   |- [+] ActorDescs:
 |   |   |- Guid:02919B834025EB42D591F6967C28AF50 BaseClass: NativeClass:/Script/Engine.StaticMeshActor Name:StaticMeshActor_UAID_EC2E9884DB72DDB401_2138695138 Label:SM_Cube8 SpatiallyLoaded:1 Bounds:IsValid=true, Min=(X=4380.000 Y=1960.000 Z=0.000), Max=(X=4480.000 Y=3410.000 Z=400.000) RuntimeGrid:None EditorOnly:0 RuntimeOnly:0 HLODRelevant:1 FolderPath:Playground FolderGuid:C73F09FC4215536B1DCE2A9E0A830C70
 |   |   |- Guid:113F5F1047C7C44F9F4C3683A0169C27 BaseClass:/Game/ThirdPerson/Blueprints/Cube.Cube_C NativeClass:/Script/Engine.Actor Name:Cube_C_UAID_EC2E9884DB72D6B401_1965247908 Label:Cube6 SpatiallyLoaded:1 Bounds:IsValid=true, Min=(X=3000.000 Y=3820.000 Z=25.000), Max=(X=3100.000 Y=3920.000 Z=125.000) RuntimeGrid:None EditorOnly:0 RuntimeOnly:0 HLODRelevant:0
 |   |   |- Guid:2D91FC1C47BBE6D0F809BEB4CA36F006 BaseClass: NativeClass:/Script/Engine.StaticMeshActor Name:StaticMeshActor_UAID_C42360EC42023FAC01_2109553879 Label:SM_Cube10 SpatiallyLoaded:1 Bounds:IsValid=true, Min=(X=30.000 Y=3130.000 Z=0.000), Max=(X=3755.000 Y=3230.000 Z=400.000) RuntimeGrid:None EditorOnly:0 RuntimeOnly:0 HLODRelevant:1 FolderPath:Playground FolderGuid:C73F09FC4215536B1DCE2A9E0A830C70
 |   |   |- Guid:2F83895D458428CF3B7A0EAAA3E04E70 BaseClass: NativeClass:/Script/Engine.StaticMeshActor Name:StaticMeshActor_UAID_EC2E9884DB72DEB401_1128783315 Label:SM_Cube9 SpatiallyLoaded:1 Bounds:IsValid=true, Min=(X=3040.000 Y=1960.000 Z=0.000), Max=(X=3140.000 Y=3210.000 Z=400.000) RuntimeGrid:None EditorOnly:0 RuntimeOnly:0 HLODRelevant:1 FolderPath:Playground FolderGuid:C73F09FC4215536B1DCE2A9E0A830C70
 |   |   |- Guid:2FB58999456391D349DC0F86DAC136ED BaseClass: NativeClass:/Script/Engine.SkyLight Name:SkyLight_1 Label:SkyLight SpatiallyLoaded:0 Bounds:IsValid=true, Min=(X=0.000 Y=0.000 Z=690.000), Max=(X=0.000 Y=0.000 Z=690.000) RuntimeGrid:None EditorOnly:0 RuntimeOnly:0 HLODRelevant:0 FolderPath:Lighting FolderGuid:963EC3EB4002CCE9759E2EBA541A873A
 |   |   |- Guid:316CF2A6494ACA4C0E4180A87D36AB8F BaseClass: NativeClass:/Script/Engine.ExponentialHeightFog Name:ExponentialHeightFog_0 Label:ExponentialHeightFog SpatiallyLoaded:0 Bounds:IsValid=true, Min=(X=-5600.000 Y=-50.000 Z=-6850.000), Max=(X=-5600.000 Y=-50.000 Z=-6850.000) RuntimeGrid:None EditorOnly:0 RuntimeOnly:0 HLODRelevant:0 FolderPath:Lighting FolderGuid:963EC3EB4002CCE9759E2EBA541A873A
 |   |   |- Guid:3A00AA1C422CE54C0BDB60BAF471BFBB BaseClass: NativeClass:/Script/Engine.PlayerStart Name:PlayerStart_0 Label:PlayerStart SpatiallyLoaded:0 Bounds:IsValid=true, Min=(X=330.000 Y=3640.000 Z=0.013), Max=(X=410.000 Y=3720.000 Z=184.013) RuntimeGrid:None EditorOnly:0 RuntimeOnly:0 HLODRelevant:0
 |   |   |- Guid:3C9433754EC63F3C9C5D499DB72153CD BaseClass:/Game/ThirdPerson/Blueprints/Cube.Cube_C NativeClass:/Script/Engine.Actor Name:Cube_C_UAID_EC2E9884DB72DDB401_2080069137 Label:Cube8 SpatiallyLoaded:1 Bounds:IsValid=true, Min=(X=1700.000 Y=3820.000 Z=25.000), Max=(X=1800.000 Y=3920.000 Z=125.000) RuntimeGrid:None EditorOnly:0 RuntimeOnly:0 HLODRelevant:0
 |   |   |- Guid:3D68F14F4C75686FC0C504BD2542B94F BaseClass:/Game/ThirdPerson/Blueprints/B_Switch.B_Switch_C NativeClass:/Script/Engine.Actor Name:B_Switch_C_UAID_EC2E9884DB72E4B401_1519998367 Label:B_Switch SpatiallyLoaded:1 Bounds:IsValid=true, Min=(X=3970.000 Y=3730.000 Z=-5.000), Max=(X=4070.000 Y=3830.000 Z=36.000) RuntimeGrid:None EditorOnly:0 RuntimeOnly:0 HLODRelevant:0
 |   |   |- Guid:43815E84492231AFC407F59E3C28176B BaseClass: NativeClass:/Script/Engine.StaticMeshActor Name:StaticMeshActor_4 Label:SM_Cube6 SpatiallyLoaded:1 Bounds:IsValid=true, Min=(X=4380.000 Y=3130.000 Z=0.000), Max=(X=4480.000 Y=4455.000 Z=400.000) RuntimeGrid:None EditorOnly:0 RuntimeOnly:0 HLODRelevant:1 FolderPath:Playground FolderGuid:C73F09FC4215536B1DCE2A9E0A830C70
 |   |   |- Guid:4B5420CD47F2E58FD5B49BB4547D6F6F BaseClass: NativeClass:/Script/Engine.StaticMeshActor Name:StaticMeshActor_UAID_C42360EC420236A901_1201893128 Label:SM_Cube4 SpatiallyLoaded:1 Bounds:IsValid=true, Min=(X=10.000 Y=4360.000 Z=0.000), Max=(X=4460.000 Y=4460.000 Z=400.000) RuntimeGrid:None EditorOnly:0 RuntimeOnly:0 HLODRelevant:1 FolderPath:Playground FolderGuid:C73F09FC4215536B1DCE2A9E0A830C70
 |   |   |- Guid:4D3BE93F4146AAAC8BBE79999D96D57F BaseClass: NativeClass:/Script/Engine.VolumetricCloud Name:VolumetricCloud_0 Label:VolumetricCloud SpatiallyLoaded:0 Bounds:IsValid=true, Min=(X=0.000 Y=0.000 Z=820.000), Max=(X=0.000 Y=0.000 Z=820.000) RuntimeGrid:None EditorOnly:0 RuntimeOnly:0 HLODRelevant:0 FolderPath:Lighting FolderGuid:963EC3EB4002CCE9759E2EBA541A873A
 |   |   |- Guid:4E393E93429D060D8CD773965911B6C5 BaseClass:/Game/ThirdPerson/Blueprints/Cube.Cube_C NativeClass:/Script/Engine.Actor Name:Cube_C_UAID_EC2E9884DB72D6B401_1959568906 Label:Cube4 SpatiallyLoaded:1 Bounds:IsValid=true, Min=(X=2150.000 Y=3820.000 Z=25.000), Max=(X=2250.000 Y=3920.000 Z=125.000) RuntimeGrid:None EditorOnly:0 RuntimeOnly:0 HLODRelevant:0
 |   |   |- Guid:6024433247C7A03331BB219EA11334CB BaseClass:/Game/ThirdPerson/Blueprints/B_Door.B_Door_C NativeClass:/Script/Engine.Actor Name:B_Door_C_UAID_EC2E9884DB72E4B401_1866798369 Label:B_Door SpatiallyLoaded:1 Bounds:IsValid=true, Min=(X=3735.000 Y=3197.500 Z=20.000), Max=(X=4385.000 Y=3222.500 Z=320.000) RuntimeGrid:None EditorOnly:0 RuntimeOnly:0 HLODRelevant:0
 |   |   |- Guid:6BAF4DDD444C60371492D3919DB42C97 BaseClass: NativeClass:/Script/Engine.WorldDataLayers Name:WorldDataLayers Label:WorldDataLayers SpatiallyLoaded:0 Bounds:IsValid=true, Min=(X=0.000 Y=0.000 Z=0.000), Max=(X=0.000 Y=0.000 Z=0.000) RuntimeGrid:None EditorOnly:0 RuntimeOnly:0 HLODRelevant:0
 |   |   |- Guid:6D3F3AD94E80C42CC50AA4A29C4612CC BaseClass:/Game/ThirdPerson/Blueprints/BP_Pickable_Object.BP_Pickable_Object_C NativeClass:/Script/Engine.Actor Name:BP_Pickable_Object_C_UAID_EC2E9884DB7224B501_1300547632 Label:BP_Pickable_Object SpatiallyLoaded:1 Bounds:IsValid=true, Min=(X=820.670 Y=3970.670 Z=230.000), Max=(X=859.330 Y=4009.330 Z=316.633) RuntimeGrid:None EditorOnly:0 RuntimeOnly:0 HLODRelevant:0
 |   |   |- Guid:7584CBD84F029AF2AA2E0FAA24AD4941 BaseClass: NativeClass:/Script/Engine.StaticMeshActor Name:StaticMeshActor_UAID_C42360EC420236A901_1213419129 Label:SM_Cube7 SpatiallyLoaded:1 Bounds:IsValid=true, Min=(X=10.000 Y=4360.000 Z=0.000), Max=(X=4460.000 Y=4460.000 Z=400.000) RuntimeGrid:None EditorOnly:0 RuntimeOnly:0 HLODRelevant:1 FolderPath:Playground FolderGuid:C73F09FC4215536B1DCE2A9E0A830C70
 |   |   |- Guid:7730559141035FE959F2CD9797EFE3F0 BaseClass:/Game/ThirdPerson/Blueprints/Cube.Cube_C NativeClass:/Script/Engine.Actor Name:Cube_C_UAID_EC2E9884DB72D6B401_1962224907 Label:Cube5 SpatiallyLoaded:1 Bounds:IsValid=true, Min=(X=2600.000 Y=3820.000 Z=25.000), Max=(X=2700.000 Y=3920.000 Z=125.000) RuntimeGrid:None EditorOnly:0 RuntimeOnly:0 HLODRelevant:0
 |   |   |- Guid:9708C773423279B649F699AA0090F2FD BaseClass:/Game/ThirdPerson/Blueprints/B_Win_Text.B_Win_Text_C NativeClass:/Script/Engine.Actor Name:B_Win_Text_C_UAID_EC2E9884DB72E8B401_1194845077 Label:B_Win_Text SpatiallyLoaded:1 Bounds:IsValid=true, Min=(X=3160.000 Y=2274.000 Z=120.000), Max=(X=3160.000 Y=2890.000 Z=282.500) RuntimeGrid:None EditorOnly:0 RuntimeOnly:0 HLODRelevant:0
 |   |   |- Guid:A56216954B2165CF0F35A886B537D536 BaseClass: NativeClass:/Script/Engine.StaticMeshActor Name:StaticMeshActor_0 Label:SM_Cube5 SpatiallyLoaded:1 Bounds:IsValid=true, Min=(X=-0.000 Y=3120.000 Z=0.000), Max=(X=100.000 Y=4445.000 Z=400.000) RuntimeGrid:None EditorOnly:0 RuntimeOnly:0 HLODRelevant:1 FolderPath:Playground FolderGuid:C73F09FC4215536B1DCE2A9E0A830C70
 |   |   |- Guid:A6B05AA04B5723FDE235C185F76B379E BaseClass: NativeClass:/Script/Niagara.NiagaraActor Name:NiagaraActor_UAID_EC2E9884DB7222B501_2018370279 Label:Fireworks SpatiallyLoaded:1 Bounds:IsValid=true, Min=(X=2406.089 Y=1775.436 Z=-443.388), Max=(X=3909.398 Y=3376.690 Z=1297.919) RuntimeGrid:None EditorOnly:0 RuntimeOnly:0 HLODRelevant:0
 |   |   |- Guid:AEA6A46C45A107815877DEA8B0C002E3 BaseClass:/Game/ThirdPerson/Blueprints/Cube.Cube_C NativeClass:/Script/Engine.Actor Name:Cube_C_UAID_EC2E9884DB72E8B401_1366566078 Label:Cube9 SpatiallyLoaded:1 Bounds:IsValid=true, Min=(X=1290.000 Y=3820.000 Z=25.000), Max=(X=1390.000 Y=3920.000 Z=125.000) RuntimeGrid:None EditorOnly:0 RuntimeOnly:0 HLODRelevant:0
 |   |   |- Guid:B785ED2844B84CFB91E7F39FE661CD99 BaseClass: NativeClass:/Script/Engine.DirectionalLight Name:DirectionalLight_0 Label:DirectionalLight SpatiallyLoaded:0 Bounds:IsValid=true, Min=(X=-1048576.000 Y=-1048576.000 Z=-1048576.000), Max=(X=1048576.000 Y=1048576.000 Z=1048576.000) RuntimeGrid:None EditorOnly:0 RuntimeOnly:0 HLODRelevant:0 FolderPath:Lighting FolderGuid:963EC3EB4002CCE9759E2EBA541A873A
 |   |   |- Guid:BC08B79C4EA3C961CFF75EBBE83B367D BaseClass: NativeClass:/Script/Engine.StaticMeshActor Name:StaticMeshActor_5 Label:SM_Cube2 SpatiallyLoaded:1 Bounds:IsValid=true, Min=(X=3030.000 Y=1970.000 Z=0.000), Max=(X=4480.000 Y=2070.000 Z=400.000) RuntimeGrid:None EditorOnly:0 RuntimeOnly:0 HLODRelevant:1 FolderPath:Playground FolderGuid:C73F09FC4215536B1DCE2A9E0A830C70
 |   |   |- Guid:CCFF262C46EEFFDF319E7F9539CE697E BaseClass: NativeClass:/Script/Engine.SkyAtmosphere Name:SkyAtmosphere_0 Label:SkyAtmosphere SpatiallyLoaded:0 Bounds:IsValid=true, Min=(X=0.000 Y=0.000 Z=1020.000), Max=(X=0.000 Y=0.000 Z=1020.000) RuntimeGrid:None EditorOnly:0 RuntimeOnly:0 HLODRelevant:0 FolderPath:Lighting FolderGuid:963EC3EB4002CCE9759E2EBA541A873A
 |   |   |- Guid:CD4F902F4008709DC77A23893844FA03 BaseClass: NativeClass:/Script/Engine.StaticMeshActor Name:StaticMeshActor_UAID_EC2E9884DB72DEB401_1188060316 Label:SM_Cube11 SpatiallyLoaded:1 Bounds:IsValid=true, Min=(X=3040.000 Y=1950.000 Z=-50.000), Max=(X=4465.000 Y=3150.000 Z=0.000) RuntimeGrid:None EditorOnly:0 RuntimeOnly:0 HLODRelevant:1 FolderPath:Playground FolderGuid:C73F09FC4215536B1DCE2A9E0A830C70
 |   |   |- Guid:D08F1A2B4F98B3F14E076CA38872C1A1 BaseClass:/Game/ThirdPerson/Blueprints/Cube.Cube_C NativeClass:/Script/Engine.Actor Name:Cube_C_UAID_EC2E9884DB72D7B401_1129709085 Label:Cube7 SpatiallyLoaded:1 Bounds:IsValid=true, Min=(X=3360.000 Y=3820.000 Z=25.000), Max=(X=3460.000 Y=3920.000 Z=125.000) RuntimeGrid:None EditorOnly:0 RuntimeOnly:0 HLODRelevant:0
 |   |   |- Guid:E5DCD9914CB2E634E432FDA984245B65 BaseClass: NativeClass:/Script/Engine.StaticMeshActor Name:StaticMeshActor_UAID_C42360EC4202E2AC01_2024283567 Label:StaticMeshActor SpatiallyLoaded:1 Bounds:IsValid=true, Min=(X=2470.000 Y=4020.000 Z=0.000), Max=(X=2470.000 Y=4020.000 Z=0.000) RuntimeGrid:None EditorOnly:0 RuntimeOnly:0 HLODRelevant:0
 |   |   |- Guid:EC4E0C944CE6AC6E784BC6BB2916EA13 BaseClass: NativeClass:/Script/Engine.StaticMeshActor Name:StaticMeshActor_UAID_A4AE111137DC5EFB00_1110535423 Label:SM_SkySphere SpatiallyLoaded:0 Bounds:IsValid=true, Min=(X=-1638400.000 Y=-1638400.000 Z=-1638400.000), Max=(X=1638400.000 Y=1638400.000 Z=1638400.000) RuntimeGrid:None EditorOnly:0 RuntimeOnly:0 HLODRelevant:1 FolderPath:Lighting FolderGuid:963EC3EB4002CCE9759E2EBA541A873A
 |   |   |- Guid:F1924B8D48954B30891B2DB6A694F9CC BaseClass: NativeClass:/Script/Engine.StaticMeshActor Name:StaticMeshActor_1 Label:SM_Cube SpatiallyLoaded:1 Bounds:IsValid=true, Min=(X=0.000 Y=3110.000 Z=-50.000), Max=(X=4450.000 Y=4460.000 Z=0.000) RuntimeGrid:None EditorOnly:0 RuntimeOnly:0 HLODRelevant:1 FolderPath:Playground FolderGuid:C73F09FC4215536B1DCE2A9E0A830C70
 |   |   |- Guid:F5E3FEB3450C49844FD93DA8E083C8AD BaseClass: NativeClass:/Script/Engine.PostProcessVolume Name:PostProcessVolume_0 Label:PostProcessVolume SpatiallyLoaded:0 Bounds:IsValid=true, Min=(X=0.000 Y=0.000 Z=400.000), Max=(X=200.000 Y=200.000 Z=600.000) RuntimeGrid:None EditorOnly:0 RuntimeOnly:0 HLODRelevant:0 FolderPath:Lighting FolderGuid:963EC3EB4002CCE9759E2EBA541A873A
 |   |   |- Guid:FF698C67459ADB4982D7759C0905EE9F BaseClass: NativeClass:/Script/Engine.StaticMeshActor Name:StaticMeshActor_6 Label:SM_Cube3 SpatiallyLoaded:1 Bounds:IsValid=true, Min=(X=0.000 Y=4350.000 Z=0.000), Max=(X=4450.000 Y=4450.000 Z=400.000) RuntimeGrid:None EditorOnly:0 RuntimeOnly:0 HLODRelevant:1 FolderPath:Playground FolderGuid:C73F09FC4215536B1DCE2A9E0A830C70
 |   |- [+] Clusters:
 |   |   |- [+] [  0]
 |   |   |   |- Guid:6BAF4DDD444C60371492D3919DB42C97 BaseClass: NativeClass:/Script/Engine.WorldDataLayers Name:WorldDataLayers Label:WorldDataLayers SpatiallyLoaded:0 Bounds:IsValid=true, Min=(X=0.000 Y=0.000 Z=0.000), Max=(X=0.000 Y=0.000 Z=0.000) RuntimeGrid:None EditorOnly:0 RuntimeOnly:0 HLODRelevant:0
 |   |   |- [+] [  1]
 |   |   |   |- Guid:F5E3FEB3450C49844FD93DA8E083C8AD BaseClass: NativeClass:/Script/Engine.PostProcessVolume Name:PostProcessVolume_0 Label:PostProcessVolume SpatiallyLoaded:0 Bounds:IsValid=true, Min=(X=0.000 Y=0.000 Z=400.000), Max=(X=200.000 Y=200.000 Z=600.000) RuntimeGrid:None EditorOnly:0 RuntimeOnly:0 HLODRelevant:0 FolderPath:Lighting FolderGuid:963EC3EB4002CCE9759E2EBA541A873A
 |   |   |- [+] [  2]
 |   |   |   |- Guid:CD4F902F4008709DC77A23893844FA03 BaseClass: NativeClass:/Script/Engine.StaticMeshActor Name:StaticMeshActor_UAID_EC2E9884DB72DEB401_1188060316 Label:SM_Cube11 SpatiallyLoaded:1 Bounds:IsValid=true, Min=(X=3040.000 Y=1950.000 Z=-50.000), Max=(X=4465.000 Y=3150.000 Z=0.000) RuntimeGrid:None EditorOnly:0 RuntimeOnly:0 HLODRelevant:1 FolderPath:Playground FolderGuid:C73F09FC4215536B1DCE2A9E0A830C70
 |   |   |- [+] [  3]
 |   |   |   |- Guid:E5DCD9914CB2E634E432FDA984245B65 BaseClass: NativeClass:/Script/Engine.StaticMeshActor Name:StaticMeshActor_UAID_C42360EC4202E2AC01_2024283567 Label:StaticMeshActor SpatiallyLoaded:1 Bounds:IsValid=true, Min=(X=2470.000 Y=4020.000 Z=0.000), Max=(X=2470.000 Y=4020.000 Z=0.000) RuntimeGrid:None EditorOnly:0 RuntimeOnly:0 HLODRelevant:0
 |   |   |- [+] [  4]
 |   |   |   |- Guid:3D68F14F4C75686FC0C504BD2542B94F BaseClass:/Game/ThirdPerson/Blueprints/B_Switch.B_Switch_C NativeClass:/Script/Engine.Actor Name:B_Switch_C_UAID_EC2E9884DB72E4B401_1519998367 Label:B_Switch SpatiallyLoaded:1 Bounds:IsValid=true, Min=(X=3970.000 Y=3730.000 Z=-5.000), Max=(X=4070.000 Y=3830.000 Z=36.000) RuntimeGrid:None EditorOnly:0 RuntimeOnly:0 HLODRelevant:0
 |   |   |   |- Guid:6024433247C7A03331BB219EA11334CB BaseClass:/Game/ThirdPerson/Blueprints/B_Door.B_Door_C NativeClass:/Script/Engine.Actor Name:B_Door_C_UAID_EC2E9884DB72E4B401_1866798369 Label:B_Door SpatiallyLoaded:1 Bounds:IsValid=true, Min=(X=3735.000 Y=3197.500 Z=20.000), Max=(X=4385.000 Y=3222.500 Z=320.000) RuntimeGrid:None EditorOnly:0 RuntimeOnly:0 HLODRelevant:0
 |   |   |- [+] [  5]
 |   |   |   |- Guid:7730559141035FE959F2CD9797EFE3F0 BaseClass:/Game/ThirdPerson/Blueprints/Cube.Cube_C NativeClass:/Script/Engine.Actor Name:Cube_C_UAID_EC2E9884DB72D6B401_1962224907 Label:Cube5 SpatiallyLoaded:1 Bounds:IsValid=true, Min=(X=2600.000 Y=3820.000 Z=25.000), Max=(X=2700.000 Y=3920.000 Z=125.000) RuntimeGrid:None EditorOnly:0 RuntimeOnly:0 HLODRelevant:0
 |   |   |- [+] [  6]
 |   |   |   |- Guid:4D3BE93F4146AAAC8BBE79999D96D57F BaseClass: NativeClass:/Script/Engine.VolumetricCloud Name:VolumetricCloud_0 Label:VolumetricCloud SpatiallyLoaded:0 Bounds:IsValid=true, Min=(X=0.000 Y=0.000 Z=820.000), Max=(X=0.000 Y=0.000 Z=820.000) RuntimeGrid:None EditorOnly:0 RuntimeOnly:0 HLODRelevant:0 FolderPath:Lighting FolderGuid:963EC3EB4002CCE9759E2EBA541A873A
 |   |   |- [+] [  7]
 |   |   |   |- Guid:3C9433754EC63F3C9C5D499DB72153CD BaseClass:/Game/ThirdPerson/Blueprints/Cube.Cube_C NativeClass:/Script/Engine.Actor Name:Cube_C_UAID_EC2E9884DB72DDB401_2080069137 Label:Cube8 SpatiallyLoaded:1 Bounds:IsValid=true, Min=(X=1700.000 Y=3820.000 Z=25.000), Max=(X=1800.000 Y=3920.000 Z=125.000) RuntimeGrid:None EditorOnly:0 RuntimeOnly:0 HLODRelevant:0
 |   |   |- [+] [  8]
 |   |   |   |- Guid:02919B834025EB42D591F6967C28AF50 BaseClass: NativeClass:/Script/Engine.StaticMeshActor Name:StaticMeshActor_UAID_EC2E9884DB72DDB401_2138695138 Label:SM_Cube8 SpatiallyLoaded:1 Bounds:IsValid=true, Min=(X=4380.000 Y=1960.000 Z=0.000), Max=(X=4480.000 Y=3410.000 Z=400.000) RuntimeGrid:None EditorOnly:0 RuntimeOnly:0 HLODRelevant:1 FolderPath:Playground FolderGuid:C73F09FC4215536B1DCE2A9E0A830C70
 |   |   |- [+] [  9]
 |   |   |   |- Guid:7584CBD84F029AF2AA2E0FAA24AD4941 BaseClass: NativeClass:/Script/Engine.StaticMeshActor Name:StaticMeshActor_UAID_C42360EC420236A901_1213419129 Label:SM_Cube7 SpatiallyLoaded:1 Bounds:IsValid=true, Min=(X=10.000 Y=4360.000 Z=0.000), Max=(X=4460.000 Y=4460.000 Z=400.000) RuntimeGrid:None EditorOnly:0 RuntimeOnly:0 HLODRelevant:1 FolderPath:Playground FolderGuid:C73F09FC4215536B1DCE2A9E0A830C70
 |   |   |- [+] [ 10]
 |   |   |   |- Guid:CCFF262C46EEFFDF319E7F9539CE697E BaseClass: NativeClass:/Script/Engine.SkyAtmosphere Name:SkyAtmosphere_0 Label:SkyAtmosphere SpatiallyLoaded:0 Bounds:IsValid=true, Min=(X=0.000 Y=0.000 Z=1020.000), Max=(X=0.000 Y=0.000 Z=1020.000) RuntimeGrid:None EditorOnly:0 RuntimeOnly:0 HLODRelevant:0 FolderPath:Lighting FolderGuid:963EC3EB4002CCE9759E2EBA541A873A
 |   |   |- [+] [ 11]
 |   |   |   |- Guid:EC4E0C944CE6AC6E784BC6BB2916EA13 BaseClass: NativeClass:/Script/Engine.StaticMeshActor Name:StaticMeshActor_UAID_A4AE111137DC5EFB00_1110535423 Label:SM_SkySphere SpatiallyLoaded:0 Bounds:IsValid=true, Min=(X=-1638400.000 Y=-1638400.000 Z=-1638400.000), Max=(X=1638400.000 Y=1638400.000 Z=1638400.000) RuntimeGrid:None EditorOnly:0 RuntimeOnly:0 HLODRelevant:1 FolderPath:Lighting FolderGuid:963EC3EB4002CCE9759E2EBA541A873A
 |   |   |- [+] [ 12]
 |   |   |   |- Guid:43815E84492231AFC407F59E3C28176B BaseClass: NativeClass:/Script/Engine.StaticMeshActor Name:StaticMeshActor_4 Label:SM_Cube6 SpatiallyLoaded:1 Bounds:IsValid=true, Min=(X=4380.000 Y=3130.000 Z=0.000), Max=(X=4480.000 Y=4455.000 Z=400.000) RuntimeGrid:None EditorOnly:0 RuntimeOnly:0 HLODRelevant:1 FolderPath:Playground FolderGuid:C73F09FC4215536B1DCE2A9E0A830C70
 |   |   |- [+] [ 13]
 |   |   |   |- Guid:B785ED2844B84CFB91E7F39FE661CD99 BaseClass: NativeClass:/Script/Engine.DirectionalLight Name:DirectionalLight_0 Label:DirectionalLight SpatiallyLoaded:0 Bounds:IsValid=true, Min=(X=-1048576.000 Y=-1048576.000 Z=-1048576.000), Max=(X=1048576.000 Y=1048576.000 Z=1048576.000) RuntimeGrid:None EditorOnly:0 RuntimeOnly:0 HLODRelevant:0 FolderPath:Lighting FolderGuid:963EC3EB4002CCE9759E2EBA541A873A
 |   |   |- [+] [ 14]
 |   |   |   |- Guid:AEA6A46C45A107815877DEA8B0C002E3 BaseClass:/Game/ThirdPerson/Blueprints/Cube.Cube_C NativeClass:/Script/Engine.Actor Name:Cube_C_UAID_EC2E9884DB72E8B401_1366566078 Label:Cube9 SpatiallyLoaded:1 Bounds:IsValid=true, Min=(X=1290.000 Y=3820.000 Z=25.000), Max=(X=1390.000 Y=3920.000 Z=125.000) RuntimeGrid:None EditorOnly:0 RuntimeOnly:0 HLODRelevant:0
 |   |   |- [+] [ 15]
 |   |   |   |- Guid:2D91FC1C47BBE6D0F809BEB4CA36F006 BaseClass: NativeClass:/Script/Engine.StaticMeshActor Name:StaticMeshActor_UAID_C42360EC42023FAC01_2109553879 Label:SM_Cube10 SpatiallyLoaded:1 Bounds:IsValid=true, Min=(X=30.000 Y=3130.000 Z=0.000), Max=(X=3755.000 Y=3230.000 Z=400.000) RuntimeGrid:None EditorOnly:0 RuntimeOnly:0 HLODRelevant:1 FolderPath:Playground FolderGuid:C73F09FC4215536B1DCE2A9E0A830C70
 |   |   |- [+] [ 16]
 |   |   |   |- Guid:316CF2A6494ACA4C0E4180A87D36AB8F BaseClass: NativeClass:/Script/Engine.ExponentialHeightFog Name:ExponentialHeightFog_0 Label:ExponentialHeightFog SpatiallyLoaded:0 Bounds:IsValid=true, Min=(X=-5600.000 Y=-50.000 Z=-6850.000), Max=(X=-5600.000 Y=-50.000 Z=-6850.000) RuntimeGrid:None EditorOnly:0 RuntimeOnly:0 HLODRelevant:0 FolderPath:Lighting FolderGuid:963EC3EB4002CCE9759E2EBA541A873A
 |   |   |- [+] [ 17]
 |   |   |   |- Guid:F1924B8D48954B30891B2DB6A694F9CC BaseClass: NativeClass:/Script/Engine.StaticMeshActor Name:StaticMeshActor_1 Label:SM_Cube SpatiallyLoaded:1 Bounds:IsValid=true, Min=(X=0.000 Y=3110.000 Z=-50.000), Max=(X=4450.000 Y=4460.000 Z=0.000) RuntimeGrid:None EditorOnly:0 RuntimeOnly:0 HLODRelevant:1 FolderPath:Playground FolderGuid:C73F09FC4215536B1DCE2A9E0A830C70
 |   |   |- [+] [ 18]
 |   |   |   |- Guid:4E393E93429D060D8CD773965911B6C5 BaseClass:/Game/ThirdPerson/Blueprints/Cube.Cube_C NativeClass:/Script/Engine.Actor Name:Cube_C_UAID_EC2E9884DB72D6B401_1959568906 Label:Cube4 SpatiallyLoaded:1 Bounds:IsValid=true, Min=(X=2150.000 Y=3820.000 Z=25.000), Max=(X=2250.000 Y=3920.000 Z=125.000) RuntimeGrid:None EditorOnly:0 RuntimeOnly:0 HLODRelevant:0
 |   |   |- [+] [ 19]
 |   |   |   |- Guid:2FB58999456391D349DC0F86DAC136ED BaseClass: NativeClass:/Script/Engine.SkyLight Name:SkyLight_1 Label:SkyLight SpatiallyLoaded:0 Bounds:IsValid=true, Min=(X=0.000 Y=0.000 Z=690.000), Max=(X=0.000 Y=0.000 Z=690.000) RuntimeGrid:None EditorOnly:0 RuntimeOnly:0 HLODRelevant:0 FolderPath:Lighting FolderGuid:963EC3EB4002CCE9759E2EBA541A873A
 |   |   |- [+] [ 20]
 |   |   |   |- Guid:A56216954B2165CF0F35A886B537D536 BaseClass: NativeClass:/Script/Engine.StaticMeshActor Name:StaticMeshActor_0 Label:SM_Cube5 SpatiallyLoaded:1 Bounds:IsValid=true, Min=(X=-0.000 Y=3120.000 Z=0.000), Max=(X=100.000 Y=4445.000 Z=400.000) RuntimeGrid:None EditorOnly:0 RuntimeOnly:0 HLODRelevant:1 FolderPath:Playground FolderGuid:C73F09FC4215536B1DCE2A9E0A830C70
 |   |   |- [+] [ 21]
 |   |   |   |- Guid:4B5420CD47F2E58FD5B49BB4547D6F6F BaseClass: NativeClass:/Script/Engine.StaticMeshActor Name:StaticMeshActor_UAID_C42360EC420236A901_1201893128 Label:SM_Cube4 SpatiallyLoaded:1 Bounds:IsValid=true, Min=(X=10.000 Y=4360.000 Z=0.000), Max=(X=4460.000 Y=4460.000 Z=400.000) RuntimeGrid:None EditorOnly:0 RuntimeOnly:0 HLODRelevant:1 FolderPath:Playground FolderGuid:C73F09FC4215536B1DCE2A9E0A830C70
 |   |   |- [+] [ 22]
 |   |   |   |- Guid:113F5F1047C7C44F9F4C3683A0169C27 BaseClass:/Game/ThirdPerson/Blueprints/Cube.Cube_C NativeClass:/Script/Engine.Actor Name:Cube_C_UAID_EC2E9884DB72D6B401_1965247908 Label:Cube6 SpatiallyLoaded:1 Bounds:IsValid=true, Min=(X=3000.000 Y=3820.000 Z=25.000), Max=(X=3100.000 Y=3920.000 Z=125.000) RuntimeGrid:None EditorOnly:0 RuntimeOnly:0 HLODRelevant:0
 |   |   |- [+] [ 23]
 |   |   |   |- Guid:BC08B79C4EA3C961CFF75EBBE83B367D BaseClass: NativeClass:/Script/Engine.StaticMeshActor Name:StaticMeshActor_5 Label:SM_Cube2 SpatiallyLoaded:1 Bounds:IsValid=true, Min=(X=3030.000 Y=1970.000 Z=0.000), Max=(X=4480.000 Y=2070.000 Z=400.000) RuntimeGrid:None EditorOnly:0 RuntimeOnly:0 HLODRelevant:1 FolderPath:Playground FolderGuid:C73F09FC4215536B1DCE2A9E0A830C70
 |   |   |- [+] [ 24]
 |   |   |   |- Guid:FF698C67459ADB4982D7759C0905EE9F BaseClass: NativeClass:/Script/Engine.StaticMeshActor Name:StaticMeshActor_6 Label:SM_Cube3 SpatiallyLoaded:1 Bounds:IsValid=true, Min=(X=0.000 Y=4350.000 Z=0.000), Max=(X=4450.000 Y=4450.000 Z=400.000) RuntimeGrid:None EditorOnly:0 RuntimeOnly:0 HLODRelevant:1 FolderPath:Playground FolderGuid:C73F09FC4215536B1DCE2A9E0A830C70
 |   |   |- [+] [ 25]
 |   |   |   |- Guid:3A00AA1C422CE54C0BDB60BAF471BFBB BaseClass: NativeClass:/Script/Engine.PlayerStart Name:PlayerStart_0 Label:PlayerStart SpatiallyLoaded:0 Bounds:IsValid=true, Min=(X=330.000 Y=3640.000 Z=0.013), Max=(X=410.000 Y=3720.000 Z=184.013) RuntimeGrid:None EditorOnly:0 RuntimeOnly:0 HLODRelevant:0
 |   |   |- [+] [ 26]
 |   |   |   |- Guid:D08F1A2B4F98B3F14E076CA38872C1A1 BaseClass:/Game/ThirdPerson/Blueprints/Cube.Cube_C NativeClass:/Script/Engine.Actor Name:Cube_C_UAID_EC2E9884DB72D7B401_1129709085 Label:Cube7 SpatiallyLoaded:1 Bounds:IsValid=true, Min=(X=3360.000 Y=3820.000 Z=25.000), Max=(X=3460.000 Y=3920.000 Z=125.000) RuntimeGrid:None EditorOnly:0 RuntimeOnly:0 HLODRelevant:0
 |   |   |- [+] [ 27]
 |   |   |   |- Guid:9708C773423279B649F699AA0090F2FD BaseClass:/Game/ThirdPerson/Blueprints/B_Win_Text.B_Win_Text_C NativeClass:/Script/Engine.Actor Name:B_Win_Text_C_UAID_EC2E9884DB72E8B401_1194845077 Label:B_Win_Text SpatiallyLoaded:1 Bounds:IsValid=true, Min=(X=3160.000 Y=2274.000 Z=120.000), Max=(X=3160.000 Y=2890.000 Z=282.500) RuntimeGrid:None EditorOnly:0 RuntimeOnly:0 HLODRelevant:0
 |   |   |- [+] [ 28]
 |   |   |   |- Guid:2F83895D458428CF3B7A0EAAA3E04E70 BaseClass: NativeClass:/Script/Engine.StaticMeshActor Name:StaticMeshActor_UAID_EC2E9884DB72DEB401_1128783315 Label:SM_Cube9 SpatiallyLoaded:1 Bounds:IsValid=true, Min=(X=3040.000 Y=1960.000 Z=0.000), Max=(X=3140.000 Y=3210.000 Z=400.000) RuntimeGrid:None EditorOnly:0 RuntimeOnly:0 HLODRelevant:1 FolderPath:Playground FolderGuid:C73F09FC4215536B1DCE2A9E0A830C70
 |   |   |- [+] [ 29]
 |   |   |   |- Guid:A6B05AA04B5723FDE235C185F76B379E BaseClass: NativeClass:/Script/Niagara.NiagaraActor Name:NiagaraActor_UAID_EC2E9884DB7222B501_2018370279 Label:Fireworks SpatiallyLoaded:1 Bounds:IsValid=true, Min=(X=2406.089 Y=1775.436 Z=-443.388), Max=(X=3909.398 Y=3376.690 Z=1297.919) RuntimeGrid:None EditorOnly:0 RuntimeOnly:0 HLODRelevant:0
 |   |   |- [+] [ 30]
 |   |   |   |- Guid:6D3F3AD94E80C42CC50AA4A29C4612CC BaseClass:/Game/ThirdPerson/Blueprints/BP_Pickable_Object.BP_Pickable_Object_C NativeClass:/Script/Engine.Actor Name:BP_Pickable_Object_C_UAID_EC2E9884DB7224B501_1300547632 Label:BP_Pickable_Object SpatiallyLoaded:1 Bounds:IsValid=true, Min=(X=820.670 Y=3970.670 Z=230.000), Max=(X=859.330 Y=4009.330 Z=316.633) RuntimeGrid:None EditorOnly:0 RuntimeOnly:0 HLODRelevant:0
 |- ContainerInstances:
 |- [+] MainContainer:
 |   |-        ID: 0x0000000000000000
 |   |-    Bounds: IsValid=false, Min=(X=0.000 Y=0.000 Z=0.000), Max=(X=0.000 Y=0.000 Z=0.000)
 |   |- Transform: 0.000000,0.000000,0.000000|0.000000,0.000000,-0.000000|1.000000,1.000000,1.000000
 |   |- Container: /Game/ThirdPerson/Maps/ThirdPersonMap
----------------------------------------------------------------------------------------------------------------
ThirdPersonMap - Persistent Level
----------------------------------------------------------------------------------------------------------------
Always loaded Actor Count: 41 

----------------------------------------------------------------------------------------------------------------
ThirdPersonMap - Runtime Spatial Hash - Streaming Grid - MainGrid
----------------------------------------------------------------------------------------------------------------
            Origin: X=0.000 Y=0.000 Z=0.000
         Cell Size: 12800
      World Bounds: IsValid=false, Min=(X=0.000 Y=0.000 Z=0.000), Max=(X=0.000 Y=0.000 Z=0.000)
     Loading Range: 25600.00
Block Slow Loading: No
 ClientOnlyVisible: No

[+] Grid Levels: 1
 |- Level  0: Cell Count    0 | Cell Size   12800 | Actor Count    0 (0.0%)

[+] Content of Grid Level 0

